<?xml version="1.0" encoding="UTF-8"?>
<!-- Generated by org.testng.reporters.JUnitReportReporter -->
<testsuite hostname="RAJESH_RAJI" failures="0" tests="1" name="com.Banking.TestCase.TC_LoginTest_001" time="4.790" errors="0" timestamp="22 Feb 2021 21:43:55 GMT">
  <testcase classname="com.Banking.TestCase.TC_LoginTest_001" name="LoginTest" time="4.790"/>
</testsuite> <!-- com.Banking.TestCase.TC_LoginTest_001 -->
