<?xml version="1.0" encoding="UTF-8"?>
<!-- Generated by org.testng.reporters.JUnitReportReporter -->
<testsuite hostname="RAJESH_RAJI" failures="0" tests="1" name="com.Banking.TestCase.TC_NewCustomer_003" time="33.057" errors="0" timestamp="22 Feb 2021 23:42:24 GMT">
  <testcase classname="com.Banking.TestCase.TC_NewCustomer_003" name="addNewCustomer" time="33.057"/>
</testsuite> <!-- com.Banking.TestCase.TC_NewCustomer_003 -->
